2020-06-03T17:13:51.794+0200 I  CONTROL  [main] ***** SERVER RESTARTED *****
2020-06-03T17:13:52.753+0200 I  CONTROL  [main] Automatically disabling TLS 1.0, to force-enable TLS 1.0 specify --sslDisabledProtocols 'none'
2020-06-03T17:13:52.759+0200 I  CONTROL  [initandlisten] MongoDB starting : pid=15856 port=27019 dbpath=C:\Users\fede9\Desktop\sharding\mongod1\data 64-bit host=NotebookFede-R2H2N7V
2020-06-03T17:13:52.759+0200 I  CONTROL  [initandlisten] targetMinOS: Windows 7/Windows Server 2008 R2
2020-06-03T17:13:52.760+0200 I  CONTROL  [initandlisten] db version v4.2.3
2020-06-03T17:13:52.760+0200 I  CONTROL  [initandlisten] git version: 6874650b362138df74be53d366bbefc321ea32d4
2020-06-03T17:13:52.760+0200 I  CONTROL  [initandlisten] allocator: tcmalloc
2020-06-03T17:13:52.760+0200 I  CONTROL  [initandlisten] modules: enterprise 
2020-06-03T17:13:52.761+0200 I  CONTROL  [initandlisten] build environment:
2020-06-03T17:13:52.761+0200 I  CONTROL  [initandlisten]     distmod: windows-64
2020-06-03T17:13:52.761+0200 I  CONTROL  [initandlisten]     distarch: x86_64
2020-06-03T17:13:52.761+0200 I  CONTROL  [initandlisten]     target_arch: x86_64
2020-06-03T17:13:52.761+0200 I  CONTROL  [initandlisten] options: { config: "mongod1\\mongod1.cfg", net: { bindIp: "127.0.0.1", port: 27019 }, replication: { replSetName: "rs0" }, storage: { dbPath: "C:\Users\fede9\Desktop\sharding\mongod1\data", journal: { enabled: true } }, systemLog: { destination: "file", logAppend: true, path: "C:\Users\fede9\Desktop\sharding\mongod1\log\mongod.log" } }
2020-06-03T17:13:52.765+0200 I  STORAGE  [initandlisten] wiredtiger_open config: create,cache_size=3510M,cache_overflow=(file_max=0M),session_max=33000,eviction=(threads_min=4,threads_max=4),config_base=false,statistics=(fast),log=(enabled=true,archive=true,path=journal,compressor=snappy),file_manager=(close_idle_time=100000,close_scan_interval=10,close_handle_minimum=250),statistics_log=(wait=0),verbose=[recovery_progress,checkpoint_progress],
2020-06-03T17:13:52.839+0200 I  STORAGE  [initandlisten] WiredTiger message [1591197232:839083][15856:140714058210896], txn-recover: Set global recovery timestamp: (0, 0)
2020-06-03T17:13:52.873+0200 I  RECOVERY [initandlisten] WiredTiger recoveryTimestamp. Ts: Timestamp(0, 0)
2020-06-03T17:13:52.906+0200 I  STORAGE  [initandlisten] Timestamp monitor starting
2020-06-03T17:13:52.929+0200 I  CONTROL  [initandlisten] 
2020-06-03T17:13:52.929+0200 I  CONTROL  [initandlisten] ** WARNING: Access control is not enabled for the database.
2020-06-03T17:13:52.929+0200 I  CONTROL  [initandlisten] **          Read and write access to data and configuration is unrestricted.
2020-06-03T17:13:52.930+0200 I  CONTROL  [initandlisten] 
2020-06-03T17:13:52.933+0200 I  SHARDING [initandlisten] Marking collection local.system.replset as collection version: <unsharded>
2020-06-03T17:13:52.933+0200 I  STORAGE  [initandlisten] Flow Control is enabled on this deployment.
2020-06-03T17:13:52.933+0200 I  SHARDING [initandlisten] Marking collection admin.system.roles as collection version: <unsharded>
2020-06-03T17:13:52.934+0200 I  SHARDING [initandlisten] Marking collection admin.system.version as collection version: <unsharded>
2020-06-03T17:13:52.935+0200 I  STORAGE  [initandlisten] createCollection: local.startup_log with generated UUID: 42bc29b7-491b-4f19-8392-b88d1ca6625a and options: { capped: true, size: 10485760 }
2020-06-03T17:13:52.956+0200 I  INDEX    [initandlisten] index build: done building index _id_ on ns local.startup_log
2020-06-03T17:13:52.957+0200 I  SHARDING [initandlisten] Marking collection local.startup_log as collection version: <unsharded>
2020-06-03T17:13:53.705+0200 W  FTDC     [initandlisten] Failed to initialize Performance Counters for FTDC: WindowsPdhError: PdhExpandCounterPathW failed with 'Impossibile trovare l'oggetto specificato nel computer.' for counter '\Memory\Available Bytes'
2020-06-03T17:13:53.705+0200 I  FTDC     [initandlisten] Initializing full-time diagnostic data capture with directory 'C:/Users/fede9/Desktop/sharding/mongod1/data/diagnostic.data'
2020-06-03T17:13:53.706+0200 I  STORAGE  [initandlisten] createCollection: local.replset.oplogTruncateAfterPoint with generated UUID: 06014df6-34ba-4a0d-9b89-cb09fb7d4b28 and options: {}
2020-06-03T17:13:53.724+0200 I  INDEX    [initandlisten] index build: done building index _id_ on ns local.replset.oplogTruncateAfterPoint
2020-06-03T17:13:53.724+0200 I  STORAGE  [initandlisten] createCollection: local.replset.minvalid with generated UUID: 6b0f1627-a3a8-4895-ac8d-8a100cf67b91 and options: {}
2020-06-03T17:13:53.739+0200 I  INDEX    [initandlisten] index build: done building index _id_ on ns local.replset.minvalid
2020-06-03T17:13:53.739+0200 I  SHARDING [initandlisten] Marking collection local.replset.minvalid as collection version: <unsharded>
2020-06-03T17:13:53.740+0200 I  STORAGE  [initandlisten] createCollection: local.replset.election with generated UUID: 361321e4-8cf8-4e3f-ac31-3aacc936087c and options: {}
2020-06-03T17:13:53.777+0200 I  INDEX    [initandlisten] index build: done building index _id_ on ns local.replset.election
2020-06-03T17:13:53.778+0200 I  SHARDING [initandlisten] Marking collection local.replset.election as collection version: <unsharded>
2020-06-03T17:13:53.779+0200 I  REPL     [initandlisten] Did not find local initialized voted for document at startup.
2020-06-03T17:13:53.780+0200 I  REPL     [initandlisten] Did not find local Rollback ID document at startup. Creating one.
2020-06-03T17:13:53.780+0200 I  STORAGE  [initandlisten] createCollection: local.system.rollback.id with generated UUID: 9c8ac17d-bd6b-480b-a97b-ba3a95e60ae0 and options: {}
2020-06-03T17:13:53.799+0200 I  INDEX    [initandlisten] index build: done building index _id_ on ns local.system.rollback.id
2020-06-03T17:13:53.800+0200 I  SHARDING [initandlisten] Marking collection local.system.rollback.id as collection version: <unsharded>
2020-06-03T17:13:53.800+0200 I  REPL     [initandlisten] Initialized the rollback ID to 1
2020-06-03T17:13:53.800+0200 I  REPL     [initandlisten] Did not find local replica set configuration document at startup;  NoMatchingDocument: Did not find replica set configuration document in local.system.replset
2020-06-03T17:13:53.804+0200 I  SHARDING [LogicalSessionCacheReap] Marking collection config.system.sessions as collection version: <unsharded>
2020-06-03T17:13:53.804+0200 I  NETWORK  [listener] Listening on 127.0.0.1
2020-06-03T17:13:53.804+0200 I  NETWORK  [listener] waiting for connections on port 27019
2020-06-03T17:13:53.805+0200 I  CONTROL  [LogicalSessionCacheRefresh] Sessions collection is not set up; waiting until next sessions refresh interval: Replication has not yet been configured
2020-06-03T17:13:53.806+0200 I  CONTROL  [LogicalSessionCacheReap] Sessions collection is not set up; waiting until next sessions reap interval: config.system.sessions does not exist
2020-06-03T17:13:54.002+0200 I  SHARDING [ftdc] Marking collection local.oplog.rs as collection version: <unsharded>
2020-06-03T17:14:58.378+0200 I  CONTROL  [thread1] Ctrl-C signal
2020-06-03T17:14:58.378+0200 I  CONTROL  [consoleTerminate] got CTRL_C_EVENT, will terminate after current cmd ends
2020-06-03T17:14:58.378+0200 I  NETWORK  [consoleTerminate] shutdown: going to close listening sockets...
2020-06-03T17:14:58.379+0200 I  -        [consoleTerminate] Stopping further Flow Control ticket acquisitions.
2020-06-03T17:14:58.379+0200 I  REPL     [consoleTerminate] shutting down replication subsystems
2020-06-03T17:14:58.379+0200 I  ASIO     [Replication] Killing all outstanding egress activity.
2020-06-03T17:14:58.380+0200 I  FTDC     [consoleTerminate] Shutting down full-time diagnostic data capture
2020-06-03T17:14:58.393+0200 I  STORAGE  [consoleTerminate] Deregistering all the collections
2020-06-03T17:14:58.394+0200 I  STORAGE  [consoleTerminate] Timestamp monitor shutting down
2020-06-03T17:14:58.394+0200 I  STORAGE  [consoleTerminate] WiredTigerKVEngine shutting down
2020-06-03T17:14:58.394+0200 I  STORAGE  [consoleTerminate] Shutting down session sweeper thread
2020-06-03T17:14:58.394+0200 I  STORAGE  [consoleTerminate] Finished shutting down session sweeper thread
2020-06-03T17:14:58.394+0200 I  STORAGE  [consoleTerminate] Shutting down journal flusher thread
2020-06-03T17:14:58.480+0200 I  STORAGE  [consoleTerminate] Finished shutting down journal flusher thread
2020-06-03T17:14:58.480+0200 I  STORAGE  [consoleTerminate] Shutting down checkpoint thread
2020-06-03T17:14:58.481+0200 I  STORAGE  [consoleTerminate] Finished shutting down checkpoint thread
2020-06-03T17:14:58.481+0200 I  STORAGE  [consoleTerminate] Downgrading WiredTiger datafiles.
2020-06-03T17:14:58.731+0200 I  STORAGE  [consoleTerminate] WiredTiger message [1591197298:730753][15856:140714058210896], txn-recover: Recovering log 1 through 2
2020-06-03T17:14:58.909+0200 I  STORAGE  [consoleTerminate] WiredTiger message [1591197298:908800][15856:140714058210896], txn-recover: Recovering log 2 through 2
2020-06-03T17:14:59.091+0200 I  STORAGE  [consoleTerminate] WiredTiger message [1591197299:90314][15856:140714058210896], txn-recover: Main recovery loop: starting at 1/23296 to 2/256
2020-06-03T17:14:59.438+0200 I  STORAGE  [consoleTerminate] WiredTiger message [1591197299:437383][15856:140714058210896], txn-recover: Recovering log 1 through 2
2020-06-03T17:14:59.652+0200 I  STORAGE  [consoleTerminate] WiredTiger message [1591197299:651810][15856:140714058210896], txn-recover: Recovering log 2 through 2
2020-06-03T17:14:59.823+0200 I  STORAGE  [consoleTerminate] WiredTiger message [1591197299:823361][15856:140714058210896], txn-recover: Set global recovery timestamp: (0, 0)
2020-06-03T17:14:59.993+0200 I  STORAGE  [consoleTerminate] shutdown: removing fs lock...
2020-06-03T17:14:59.993+0200 I  CONTROL  [consoleTerminate] now exiting
2020-06-03T17:14:59.994+0200 I  CONTROL  [consoleTerminate] shutting down with code:12
